{"/Users/user1/Sites/Makers/tech_tests/chitterVanilla/src/Peep.js": {"path":"/Users/user1/Sites/Makers/tech_tests/chitterVanilla/src/Peep.js","statementMap":{"0":{"start":{"line":3,"column":4},"end":{"line":3,"column":16}},"1":{"start":{"line":4,"column":4},"end":{"line":4,"column":20}},"2":{"start":{"line":5,"column":4},"end":{"line":5,"column":30}},"3":{"start":{"line":6,"column":4},"end":{"line":6,"column":20}},"4":{"start":{"line":10,"column":0},"end":{"line":10,"column":21}}},"fnMap":{"0":{"name":"(anonymous_0)","decl":{"start":{"line":2,"column":2},"end":{"line":2,"column":3}},"loc":{"start":{"line":2,"column":49},"end":{"line":7,"column":3}},"line":2}},"branchMap":{"0":{"loc":{"start":{"line":2,"column":14},"end":{"line":2,"column":20}},"type":"default-arg","locations":[{"start":{"line":2,"column":19},"end":{"line":2,"column":20}}],"line":2},"1":{"loc":{"start":{"line":2,"column":22},"end":{"line":2,"column":31}},"type":"default-arg","locations":[{"start":{"line":2,"column":29},"end":{"line":2,"column":31}}],"line":2}},"s":{"0":4,"1":4,"2":4,"3":4,"4":1},"f":{"0":4},"b":{"0":[1],"1":[1]},"_coverageSchema":"1a1c01bbd47fc00a2c39e90264f33305004495a9","hash":"5786612a0ff0d4fac7113d5c1f144f10307eca56"}
,"/Users/user1/Sites/Makers/tech_tests/chitterVanilla/src/User.js": {"path":"/Users/user1/Sites/Makers/tech_tests/chitterVanilla/src/User.js","statementMap":{"0":{"start":{"line":4,"column":0},"end":{"line":4,"column":21}}},"fnMap":{},"branchMap":{},"s":{"0":1},"f":{},"b":{},"_coverageSchema":"1a1c01bbd47fc00a2c39e90264f33305004495a9","hash":"36db5f7bdd8b13a9ef7ce5f42bb28749aa88f211"}
}
